<?xml version="1.0" encoding="UTF-8"?>
<beans profile="test" xmlns="http://www.springframework.org/schema/beans"
	xmlns:context="http://www.springframework.org/schema/context"
	xmlns:mvc="http://www.springframework.org/schema/mvc" xmlns:aop="http://www.springframework.org/schema/aop"
	xmlns:xsi="http://www.w3.org/2001/XMLSchema-instance" xmlns:jee="http://www.springframework.org/schema/jee"
	xmlns:util="http://www.springframework.org/schema/util"
	xsi:schemaLocation="http://www.springframework.org/schema/jee http://www.springframework.org/schema/jee/spring-jee.xsd
		http://www.springframework.org/schema/aop http://www.springframework.org/schema/aop/spring-aop.xsd
		http://www.springframework.org/schema/mvc http://www.springframework.org/schema/mvc/spring-mvc.xsd
		http://www.springframework.org/schema/beans http://www.springframework.org/schema/beans/spring-beans.xsd
		http://www.springframework.org/schema/util http://www.springframework.org/schema/util/spring-util.xsd
		http://www.springframework.org/schema/context http://www.springframework.org/schema/context/spring-context.xsd">
	<!-- SQL Logging 용 Datasource -->
	<bean id="sqlFormatter" class="nexcore.sprout.foundry.log.sqllog.Log4JdbcCustomFormatter">
				<property name="sqlPrefix" value="SQL::: " />
	</bean>
	<bean id="dataSourceForSprout" class="net.sf.log4jdbc.Log4jdbcProxyDataSource">
		<constructor-arg>
			<bean class="org.apache.commons.dbcp.BasicDataSource"
				destroy-method="close">
				<property name="driverClassName" value="${jdbc.driverClassName}" />
				<property name="url" value="${jdbc.url}" />
				<property name="username" value="${jdbc.username}" />
				<property name="password" value="${jdbc.password}" />
				<property name="defaultAutoCommit" value="false" />
				<property name="maxActive" value="${jdbc.maxActive}" />
				<property name="initialSize" value="${jdbc.initialSize}" />
			</bean>
		</constructor-arg>
		<property name="logFormatter"  ref="sqlFormatter"/>
	</bean>

	<!-- SQL Logging 용 Datasource -->
	<bean id="dataSource" class="net.sf.log4jdbc.Log4jdbcProxyDataSource">
		<constructor-arg>
			<bean id="dataSource_" class="org.apache.commons.dbcp.BasicDataSource"
				destroy-method="close">
				<property name="driverClassName" value="${jdbc.driverClassName}" />
				<property name="url" value="${jdbc.url}" />
				<property name="username" value="${jdbc.username}" />
				<property name="password" value="${jdbc.password}" />
				<property name="defaultAutoCommit" value="false" />
				<property name="maxActive" value="${jdbc.maxActive}" />
				<property name="initialSize" value="${jdbc.initialSize}" />
			</bean>
		</constructor-arg>
		<property name="logFormatter"  ref="sqlFormatter"/>
	</bean>

</beans>